Loading remote data from: https://bsestarmfdemo.bseindia.com/MFOrderEntry/MFOrder.svc?wsdl
Loading remote data from: https://bsestarmfdemo.bseindia.com/MFOrderEntry/MFOrder.svc?wsdl=wsdl0
Loading remote data from: https://bsestarmfdemo.bseindia.com/MFOrderEntry/MFOrder.svc?xsd=xsd0
Loading remote data from: https://bsestarmfdemo.bseindia.com/MFOrderEntry/MFOrder.svc?xsd=xsd2
Loading remote data from: https://bsestarmfdemo.bseindia.com/MFOrderEntry/MFOrder.svc?xsd=xsd1
Loading remote data from: https://bsestarmfdemo.bseindia.com/MFOrderEntry/MFOrder.svc?wsdl
Loading remote data from: https://bsestarmfdemo.bseindia.com/MFOrderEntry/MFOrder.svc?wsdl=wsdl0
Loading remote data from: https://bsestarmfdemo.bseindia.com/MFOrderEntry/MFOrder.svc?xsd=xsd0
Loading remote data from: https://bsestarmfdemo.bseindia.com/MFOrderEntry/MFOrder.svc?xsd=xsd2
Loading remote data from: https://bsestarmfdemo.bseindia.com/MFOrderEntry/MFOrder.svc?xsd=xsd1
Loading remote data from: https://bsestarmfdemo.bseindia.com/MFOrderEntry/MFOrder.svc?wsdl
Loading remote data from: https://bsestarmfdemo.bseindia.com/MFOrderEntry/MFOrder.svc?wsdl=wsdl0
Loading remote data from: https://bsestarmfdemo.bseindia.com/MFOrderEntry/MFOrder.svc?xsd=xsd0
Loading remote data from: https://bsestarmfdemo.bseindia.com/MFOrderEntry/MFOrder.svc?xsd=xsd2
Loading remote data from: https://bsestarmfdemo.bseindia.com/MFOrderEntry/MFOrder.svc?xsd=xsd1
Loading remote data from: https://bsestarmfdemo.bseindia.com/MFOrderEntry/MFOrder.svc?wsdl
Loading remote data from: https://bsestarmfdemo.bseindia.com/MFOrderEntry/MFOrder.svc?wsdl=wsdl0
Loading remote data from: https://bsestarmfdemo.bseindia.com/MFOrderEntry/MFOrder.svc?xsd=xsd0
Loading remote data from: https://bsestarmfdemo.bseindia.com/MFOrderEntry/MFOrder.svc?xsd=xsd2
Loading remote data from: https://bsestarmfdemo.bseindia.com/MFOrderEntry/MFOrder.svc?xsd=xsd1
Loading remote data from: https://bsestarmfdemo.bseindia.com/MFOrderEntry/MFOrder.svc?wsdl
Loading remote data from: https://bsestarmfdemo.bseindia.com/MFOrderEntry/MFOrder.svc?wsdl=wsdl0
Loading remote data from: https://bsestarmfdemo.bseindia.com/MFOrderEntry/MFOrder.svc?xsd=xsd0
Loading remote data from: https://bsestarmfdemo.bseindia.com/MFOrderEntry/MFOrder.svc?xsd=xsd2
Loading remote data from: https://bsestarmfdemo.bseindia.com/MFOrderEntry/MFOrder.svc?xsd=xsd1
Loading remote data from: https://bsestarmfdemo.bseindia.com/MFOrderEntry/MFOrder.svc?wsdl
Loading remote data from: https://bsestarmfdemo.bseindia.com/MFOrderEntry/MFOrder.svc?wsdl=wsdl0
Loading remote data from: https://bsestarmfdemo.bseindia.com/MFOrderEntry/MFOrder.svc?xsd=xsd0
Loading remote data from: https://bsestarmfdemo.bseindia.com/MFOrderEntry/MFOrder.svc?xsd=xsd2
Loading remote data from: https://bsestarmfdemo.bseindia.com/MFOrderEntry/MFOrder.svc?xsd=xsd1
Loading remote data from: https://bsestarmfdemo.bseindia.com/MFOrderEntry/MFOrder.svc?wsdl
Loading remote data from: https://bsestarmfdemo.bseindia.com/MFOrderEntry/MFOrder.svc?wsdl=wsdl0
Loading remote data from: https://bsestarmfdemo.bseindia.com/MFOrderEntry/MFOrder.svc?xsd=xsd0
Loading remote data from: https://bsestarmfdemo.bseindia.com/MFOrderEntry/MFOrder.svc?xsd=xsd2
Loading remote data from: https://bsestarmfdemo.bseindia.com/MFOrderEntry/MFOrder.svc?xsd=xsd1
Loading remote data from: https://bsestarmfdemo.bseindia.com/MFOrderEntry/MFOrder.svc?wsdl
Loading remote data from: https://bsestarmfdemo.bseindia.com/MFOrderEntry/MFOrder.svc?wsdl=wsdl0
Loading remote data from: https://bsestarmfdemo.bseindia.com/MFOrderEntry/MFOrder.svc?xsd=xsd0
Loading remote data from: https://bsestarmfdemo.bseindia.com/MFOrderEntry/MFOrder.svc?xsd=xsd2
Loading remote data from: https://bsestarmfdemo.bseindia.com/MFOrderEntry/MFOrder.svc?xsd=xsd1
Loading remote data from: https://bsestarmfdemo.bseindia.com/MFOrderEntry/MFOrder.svc?wsdl
Loading remote data from: https://bsestarmfdemo.bseindia.com/MFOrderEntry/MFOrder.svc?wsdl=wsdl0
Loading remote data from: https://bsestarmfdemo.bseindia.com/MFOrderEntry/MFOrder.svc?xsd=xsd0
Loading remote data from: https://bsestarmfdemo.bseindia.com/MFOrderEntry/MFOrder.svc?xsd=xsd2
Loading remote data from: https://bsestarmfdemo.bseindia.com/MFOrderEntry/MFOrder.svc?xsd=xsd1
2025-06-12 13:38:19,455 - zeep.transports - DEBUG - Loading remote data from: https://bsestarmfdemo.bseindia.com/MFOrderEntry/MFOrder.svc?wsdl
2025-06-12 13:38:19,594 - zeep.transports - DEBUG - Loading remote data from: https://bsestarmfdemo.bseindia.com/MFOrderEntry/MFOrder.svc?wsdl=wsdl0
2025-06-12 13:38:19,634 - zeep.transports - DEBUG - Loading remote data from: https://bsestarmfdemo.bseindia.com/MFOrderEntry/MFOrder.svc?xsd=xsd0
2025-06-12 13:38:19,687 - zeep.transports - DEBUG - Loading remote data from: https://bsestarmfdemo.bseindia.com/MFOrderEntry/MFOrder.svc?xsd=xsd2
2025-06-12 13:38:21,178 - zeep.transports - DEBUG - Loading remote data from: https://bsestarmfdemo.bseindia.com/MFOrderEntry/MFOrder.svc?xsd=xsd1
2025-06-12 13:38:21,246 - zeep.transports - DEBUG - Loading remote data from: https://bsestarmfdemo.bseindia.com/MFOrderEntry/MFOrder.svc?wsdl
2025-06-12 13:38:21,382 - zeep.transports - DEBUG - Loading remote data from: https://bsestarmfdemo.bseindia.com/MFOrderEntry/MFOrder.svc?wsdl=wsdl0
2025-06-12 13:38:21,427 - zeep.transports - DEBUG - Loading remote data from: https://bsestarmfdemo.bseindia.com/MFOrderEntry/MFOrder.svc?xsd=xsd0
2025-06-12 13:38:21,476 - zeep.transports - DEBUG - Loading remote data from: https://bsestarmfdemo.bseindia.com/MFOrderEntry/MFOrder.svc?xsd=xsd2
2025-06-12 13:38:21,525 - zeep.transports - DEBUG - Loading remote data from: https://bsestarmfdemo.bseindia.com/MFOrderEntry/MFOrder.svc?xsd=xsd1
2025-06-12 13:39:12,327 - zeep.transports - DEBUG - Loading remote data from: https://bsestarmfdemo.bseindia.com/MFOrderEntry/MFOrder.svc?wsdl
2025-06-12 13:39:12,466 - zeep.transports - DEBUG - Loading remote data from: https://bsestarmfdemo.bseindia.com/MFOrderEntry/MFOrder.svc?wsdl=wsdl0
2025-06-12 13:39:12,511 - zeep.transports - DEBUG - Loading remote data from: https://bsestarmfdemo.bseindia.com/MFOrderEntry/MFOrder.svc?xsd=xsd0
2025-06-12 13:39:12,553 - zeep.transports - DEBUG - Loading remote data from: https://bsestarmfdemo.bseindia.com/MFOrderEntry/MFOrder.svc?xsd=xsd2
2025-06-12 13:39:12,604 - zeep.transports - DEBUG - Loading remote data from: https://bsestarmfdemo.bseindia.com/MFOrderEntry/MFOrder.svc?xsd=xsd1
2025-06-12 13:40:41,691 - zeep.transports - DEBUG - Loading remote data from: https://bsestarmfdemo.bseindia.com/MFOrderEntry/MFOrder.svc?wsdl
2025-06-12 13:40:41,826 - zeep.transports - DEBUG - Loading remote data from: https://bsestarmfdemo.bseindia.com/MFOrderEntry/MFOrder.svc?wsdl=wsdl0
2025-06-12 13:40:41,867 - zeep.transports - DEBUG - Loading remote data from: https://bsestarmfdemo.bseindia.com/MFOrderEntry/MFOrder.svc?xsd=xsd0
2025-06-12 13:40:41,912 - zeep.transports - DEBUG - Loading remote data from: https://bsestarmfdemo.bseindia.com/MFOrderEntry/MFOrder.svc?xsd=xsd2
2025-06-12 13:40:41,956 - zeep.transports - DEBUG - Loading remote data from: https://bsestarmfdemo.bseindia.com/MFOrderEntry/MFOrder.svc?xsd=xsd1
2025-06-12 13:41:50,154 - zeep.transports - DEBUG - Loading remote data from: https://bsestarmfdemo.bseindia.com/MFOrderEntry/MFOrder.svc?wsdl
2025-06-12 13:41:50,290 - zeep.transports - DEBUG - Loading remote data from: https://bsestarmfdemo.bseindia.com/MFOrderEntry/MFOrder.svc?wsdl=wsdl0
2025-06-12 13:41:50,336 - zeep.transports - DEBUG - Loading remote data from: https://bsestarmfdemo.bseindia.com/MFOrderEntry/MFOrder.svc?xsd=xsd0
2025-06-12 13:41:50,379 - zeep.transports - DEBUG - Loading remote data from: https://bsestarmfdemo.bseindia.com/MFOrderEntry/MFOrder.svc?xsd=xsd2
2025-06-12 13:41:50,421 - zeep.transports - DEBUG - Loading remote data from: https://bsestarmfdemo.bseindia.com/MFOrderEntry/MFOrder.svc?xsd=xsd1
2025-06-12 13:42:31,660 - zeep.transports - DEBUG - Loading remote data from: https://bsestarmfdemo.bseindia.com/MFOrderEntry/MFOrder.svc?wsdl
2025-06-12 13:42:31,806 - zeep.transports - DEBUG - Loading remote data from: https://bsestarmfdemo.bseindia.com/MFOrderEntry/MFOrder.svc?wsdl=wsdl0
2025-06-12 13:42:31,884 - zeep.transports - DEBUG - Loading remote data from: https://bsestarmfdemo.bseindia.com/MFOrderEntry/MFOrder.svc?xsd=xsd0
2025-06-12 13:42:31,925 - zeep.transports - DEBUG - Loading remote data from: https://bsestarmfdemo.bseindia.com/MFOrderEntry/MFOrder.svc?xsd=xsd2
2025-06-12 13:42:31,969 - zeep.transports - DEBUG - Loading remote data from: https://bsestarmfdemo.bseindia.com/MFOrderEntry/MFOrder.svc?xsd=xsd1
2025-06-12 13:43:32,238 - zeep.transports - DEBUG - Loading remote data from: https://bsestarmfdemo.bseindia.com/MFOrderEntry/MFOrder.svc?wsdl
2025-06-12 13:43:32,411 - zeep.transports - DEBUG - Loading remote data from: https://bsestarmfdemo.bseindia.com/MFOrderEntry/MFOrder.svc?wsdl=wsdl0
2025-06-12 13:43:33,693 - zeep.transports - DEBUG - Loading remote data from: https://bsestarmfdemo.bseindia.com/MFOrderEntry/MFOrder.svc?xsd=xsd0
2025-06-12 13:43:33,761 - zeep.transports - DEBUG - Loading remote data from: https://bsestarmfdemo.bseindia.com/MFOrderEntry/MFOrder.svc?xsd=xsd2
2025-06-12 13:43:33,841 - zeep.transports - DEBUG - Loading remote data from: https://bsestarmfdemo.bseindia.com/MFOrderEntry/MFOrder.svc?xsd=xsd1
2025-06-12 13:43:41,764 - zeep.transports - DEBUG - Loading remote data from: https://bsestarmfdemo.bseindia.com/MFOrderEntry/MFOrder.svc?wsdl
2025-06-12 13:43:41,897 - zeep.transports - DEBUG - Loading remote data from: https://bsestarmfdemo.bseindia.com/MFOrderEntry/MFOrder.svc?wsdl=wsdl0
2025-06-12 13:43:41,935 - zeep.transports - DEBUG - Loading remote data from: https://bsestarmfdemo.bseindia.com/MFOrderEntry/MFOrder.svc?xsd=xsd0
2025-06-12 13:43:41,981 - zeep.transports - DEBUG - Loading remote data from: https://bsestarmfdemo.bseindia.com/MFOrderEntry/MFOrder.svc?xsd=xsd2
2025-06-12 13:43:42,024 - zeep.transports - DEBUG - Loading remote data from: https://bsestarmfdemo.bseindia.com/MFOrderEntry/MFOrder.svc?xsd=xsd1
2025-06-12 15:04:40,807 - bse_integration - INFO - Initializing BSE Order Placer
2025-06-12 15:04:40,807 - bse_integration - INFO - Initializing SOAP client...
2025-06-12 15:04:40,820 - bse_integration - INFO - SOAP client initialized successfully
2025-06-12 15:04:40,821 - bse_integration - ERROR - Failed to initialize SOAP client: name 'requests' is not defined
Traceback (most recent call last):
  File "c:\users\vishnu\downloads\order_management_system_github\order_management_system_github\src\bse_integration\order.py", line 90, in __init__
    session = requests.Session()
NameError: name 'requests' is not defined
2025-06-12 15:06:09,593 - bse_integration - INFO - Initializing BSE Order Placer
2025-06-12 15:06:09,593 - bse_integration - INFO - Initializing SOAP client...
2025-06-12 15:06:09,606 - bse_integration - INFO - SOAP client initialized successfully
2025-06-12 15:06:09,619 - bse_integration - INFO - Initialized SOAP client for BSE Order service
2025-06-12 15:06:59,778 - bse_integration - INFO - Initializing BSE Order Placer
2025-06-12 15:06:59,778 - bse_integration - INFO - Initializing SOAP client...
2025-06-12 15:06:59,792 - bse_integration - INFO - SOAP client initialized successfully
2025-06-12 15:06:59,804 - bse_integration - INFO - Initialized SOAP client for BSE Order service
2025-06-12 15:07:49,834 - bse_integration - INFO - Initializing BSE Order Placer
2025-06-12 15:07:49,834 - bse_integration - INFO - Initializing SOAP client...
2025-06-12 15:07:49,846 - bse_integration - INFO - SOAP client initialized successfully
2025-06-12 15:07:49,858 - bse_integration - INFO - Initialized SOAP client for BSE Order service
2025-06-12 15:08:03,469 - bse_integration - INFO - Initializing BSE Order Placer
2025-06-12 15:08:03,469 - bse_integration - INFO - Initializing SOAP client...
2025-06-12 15:08:03,481 - bse_integration - INFO - SOAP client initialized successfully
2025-06-12 15:08:03,494 - bse_integration - INFO - Initialized SOAP client for BSE Order service
2025-06-12 16:19:57,030 - bse_integration - INFO - Initializing BSE Order Placer
2025-06-12 16:19:57,030 - bse_integration - INFO - Initializing SOAP client...
2025-06-12 16:19:57,335 - bse_integration - INFO - SOAP client initialized successfully
2025-06-12 16:19:57,349 - bse_integration - INFO - Initialized SOAP client for BSE Order service
2025-06-12 16:20:21,071 - bse_integration - INFO - Initializing BSE Order Placer
2025-06-12 16:20:21,071 - bse_integration - INFO - Initializing SOAP client...
2025-06-12 16:20:21,083 - bse_integration - INFO - SOAP client initialized successfully
2025-06-12 16:20:21,098 - bse_integration - INFO - Initialized SOAP client for BSE Order service
2025-06-12 16:24:11,942 - bse_integration - INFO - Initializing BSE Order Placer
2025-06-12 16:24:11,942 - bse_integration - INFO - Initializing SOAP client...
2025-06-12 16:24:11,955 - bse_integration - INFO - SOAP client initialized successfully
2025-06-12 16:24:11,967 - bse_integration - INFO - Initialized SOAP client for BSE Order service
2025-06-12 16:24:31,528 - bse_integration - INFO - Initializing BSE Order Placer
2025-06-12 16:24:31,528 - bse_integration - INFO - Initializing SOAP client...
2025-06-12 16:24:31,540 - bse_integration - INFO - SOAP client initialized successfully
2025-06-12 16:24:31,553 - bse_integration - INFO - Initialized SOAP client for BSE Order service
2025-06-12 16:26:15,568 - bse_integration - INFO - Initializing BSE Order Placer
2025-06-12 16:26:15,568 - bse_integration - INFO - Initializing SOAP client...
2025-06-12 16:26:15,581 - bse_integration - INFO - SOAP client initialized successfully
2025-06-12 16:26:15,593 - bse_integration - INFO - Initialized SOAP client for BSE Order service
2025-06-12 16:26:35,126 - bse_integration - INFO - Initializing BSE Order Placer
2025-06-12 16:26:35,126 - bse_integration - INFO - Initializing SOAP client...
2025-06-12 16:26:35,138 - bse_integration - INFO - SOAP client initialized successfully
2025-06-12 16:26:35,152 - bse_integration - INFO - Initialized SOAP client for BSE Order service
2025-06-12 16:26:50,851 - bse_integration - INFO - Initializing BSE Order Placer
2025-06-12 16:26:50,851 - bse_integration - INFO - Initializing SOAP client...
2025-06-12 16:26:50,864 - bse_integration - INFO - SOAP client initialized successfully
2025-06-12 16:26:50,877 - bse_integration - INFO - Initialized SOAP client for BSE Order service
2025-06-12 16:27:52,681 - bse_integration - INFO - Initializing BSE Order Placer
2025-06-12 16:27:52,681 - bse_integration - INFO - Initializing SOAP client...
2025-06-12 16:27:52,695 - bse_integration - INFO - SOAP client initialized successfully
2025-06-12 16:27:52,707 - bse_integration - INFO - Initialized SOAP client for BSE Order service
2025-06-12 16:28:07,937 - bse_integration - INFO - Initializing BSE Order Placer
2025-06-12 16:28:07,938 - bse_integration - INFO - Initializing SOAP client...
2025-06-12 16:28:07,949 - bse_integration - INFO - SOAP client initialized successfully
2025-06-12 16:28:07,964 - bse_integration - INFO - Initialized SOAP client for BSE Order service
2025-06-12 16:33:55,141 - bse_integration - INFO - Initializing BSE Order Placer
2025-06-12 16:33:55,143 - bse_integration - INFO - Initializing SOAP client...
2025-06-12 16:33:55,154 - bse_integration - INFO - SOAP client initialized successfully
2025-06-12 16:33:55,167 - bse_integration - INFO - Initialized SOAP client for BSE Order service
2025-06-12 16:48:19,212 - bse_integration - INFO - Initializing BSE Order Placer
2025-06-12 16:48:19,212 - bse_integration - INFO - Initializing SOAP client...
2025-06-12 16:48:19,225 - bse_integration - INFO - SOAP client initialized successfully
2025-06-12 16:48:19,239 - bse_integration - INFO - Initialized SOAP client for BSE Order service
2025-06-12 16:48:22,783 - bse_integration - INFO - Initializing BSE Order Placer
2025-06-12 16:48:22,783 - bse_integration - INFO - Initializing SOAP client...
2025-06-12 16:48:22,795 - bse_integration - INFO - SOAP client initialized successfully
2025-06-12 16:48:22,808 - bse_integration - INFO - Initialized SOAP client for BSE Order service
2025-06-12 17:09:29,692 - bse_integration - INFO - Initializing BSE Order Placer
2025-06-12 17:09:29,692 - bse_integration - INFO - Initializing SOAP client...
2025-06-12 17:09:29,703 - bse_integration - INFO - SOAP client initialized successfully
2025-06-12 17:09:29,716 - bse_integration - INFO - Initialized SOAP client for BSE Order service
2025-06-12 17:09:43,075 - bse_integration - INFO - Initializing BSE Order Placer
2025-06-12 17:09:43,075 - bse_integration - INFO - Initializing SOAP client...
2025-06-12 17:09:43,087 - bse_integration - INFO - SOAP client initialized successfully
2025-06-12 17:09:43,100 - bse_integration - INFO - Initialized SOAP client for BSE Order service
2025-06-12 17:10:42,717 - bse_integration - INFO - Initializing BSE Order Placer
2025-06-12 17:10:42,717 - bse_integration - INFO - Initializing SOAP client...
2025-06-12 17:10:42,730 - bse_integration - INFO - SOAP client initialized successfully
2025-06-12 17:10:42,747 - bse_integration - INFO - Initialized SOAP client for BSE Order service
2025-06-12 17:11:51,502 - bse_integration - INFO - Initializing BSE Order Placer
2025-06-12 17:11:51,502 - bse_integration - INFO - Initializing SOAP client...
2025-06-12 17:11:51,517 - bse_integration - INFO - SOAP client initialized successfully
2025-06-12 17:11:51,530 - bse_integration - INFO - Initialized SOAP client for BSE Order service
2025-06-12 17:12:35,453 - bse_integration - INFO - Initializing BSE Order Placer
2025-06-12 17:12:35,453 - bse_integration - INFO - Initializing SOAP client...
2025-06-12 17:12:35,466 - bse_integration - INFO - SOAP client initialized successfully
2025-06-12 17:12:35,479 - bse_integration - INFO - Initialized SOAP client for BSE Order service
2025-06-12 17:13:20,675 - bse_integration - INFO - Initializing BSE Order Placer
2025-06-12 17:13:20,676 - bse_integration - INFO - Initializing SOAP client...
2025-06-12 17:13:20,689 - bse_integration - INFO - SOAP client initialized successfully
2025-06-12 17:13:20,703 - bse_integration - INFO - Initialized SOAP client for BSE Order service
2025-06-12 17:14:07,713 - bse_integration - INFO - Initializing BSE Order Placer
2025-06-12 17:14:07,713 - bse_integration - INFO - Initializing SOAP client...
2025-06-12 17:14:07,726 - bse_integration - INFO - SOAP client initialized successfully
2025-06-12 17:14:07,740 - bse_integration - INFO - Initialized SOAP client for BSE Order service
2025-06-12 17:15:09,328 - bse_integration - INFO - Initializing BSE Order Placer
2025-06-12 17:15:09,328 - bse_integration - INFO - Initializing SOAP client...
2025-06-12 17:15:09,340 - bse_integration - INFO - SOAP client initialized successfully
2025-06-12 17:15:09,353 - bse_integration - INFO - Initialized SOAP client for BSE Order service
2025-06-12 17:29:31,812 - bse_integration - INFO - Initializing BSE Order Placer
2025-06-12 17:29:31,812 - bse_integration - INFO - Initializing SOAP client...
2025-06-12 17:29:32,141 - bse_integration - INFO - SOAP client initialized successfully
2025-06-12 17:29:32,155 - bse_integration - INFO - Initialized SOAP client for BSE Order service
2025-06-12 17:29:47,242 - bse_integration - INFO - Initializing BSE Order Placer
2025-06-12 17:29:47,242 - bse_integration - INFO - Initializing SOAP client...
2025-06-12 17:29:47,254 - bse_integration - INFO - SOAP client initialized successfully
2025-06-12 17:29:47,267 - bse_integration - INFO - Initialized SOAP client for BSE Order service
2025-06-12 17:31:23,073 - bse_integration - INFO - Initializing BSE Order Placer
2025-06-12 17:31:23,073 - bse_integration - INFO - Initializing SOAP client...
2025-06-12 17:31:23,085 - bse_integration - INFO - SOAP client initialized successfully
2025-06-12 17:31:23,099 - bse_integration - INFO - Initialized SOAP client for BSE Order service
2025-06-12 17:31:45,102 - bse_integration - INFO - Initializing BSE Order Placer
2025-06-12 17:31:45,102 - bse_integration - INFO - Initializing SOAP client...
2025-06-12 17:31:45,116 - bse_integration - INFO - SOAP client initialized successfully
2025-06-12 17:31:45,131 - bse_integration - INFO - Initialized SOAP client for BSE Order service
2025-06-12 17:31:48,046 - bse_integration - INFO - Initializing BSE Order Placer
2025-06-12 17:31:48,046 - bse_integration - INFO - Initializing SOAP client...
2025-06-12 17:31:48,058 - bse_integration - INFO - SOAP client initialized successfully
2025-06-12 17:31:48,072 - bse_integration - INFO - Initialized SOAP client for BSE Order service
2025-06-12 17:32:35,852 - bse_integration - INFO - Initializing BSE Order Placer
2025-06-12 17:32:35,852 - bse_integration - INFO - Initializing SOAP client...
2025-06-12 17:32:35,864 - bse_integration - INFO - SOAP client initialized successfully
2025-06-12 17:32:35,877 - bse_integration - INFO - Initialized SOAP client for BSE Order service
2025-06-12 17:32:44,442 - bse_integration - INFO - Initializing BSE Order Placer
2025-06-12 17:32:44,443 - bse_integration - INFO - Initializing SOAP client...
2025-06-12 17:32:44,454 - bse_integration - INFO - SOAP client initialized successfully
2025-06-12 17:32:44,468 - bse_integration - INFO - Initialized SOAP client for BSE Order service
2025-06-12 17:32:54,369 - bse_integration - INFO - Initializing BSE Order Placer
2025-06-12 17:32:54,369 - bse_integration - INFO - Initializing SOAP client...
2025-06-12 17:32:54,381 - bse_integration - INFO - SOAP client initialized successfully
2025-06-12 17:32:54,393 - bse_integration - INFO - Initialized SOAP client for BSE Order service
2025-06-12 17:33:04,129 - bse_integration - INFO - Initializing BSE Order Placer
2025-06-12 17:33:04,129 - bse_integration - INFO - Initializing SOAP client...
2025-06-12 17:33:04,142 - bse_integration - INFO - SOAP client initialized successfully
2025-06-12 17:33:04,155 - bse_integration - INFO - Initialized SOAP client for BSE Order service
2025-06-12 17:33:13,151 - bse_integration - INFO - Initializing BSE Order Placer
2025-06-12 17:33:13,152 - bse_integration - INFO - Initializing SOAP client...
2025-06-12 17:33:13,164 - bse_integration - INFO - SOAP client initialized successfully
2025-06-12 17:33:13,176 - bse_integration - INFO - Initialized SOAP client for BSE Order service
2025-06-12 17:33:23,328 - bse_integration - INFO - Initializing BSE Order Placer
2025-06-12 17:33:23,328 - bse_integration - INFO - Initializing SOAP client...
2025-06-12 17:33:23,341 - bse_integration - INFO - SOAP client initialized successfully
2025-06-12 17:33:23,354 - bse_integration - INFO - Initialized SOAP client for BSE Order service
2025-06-12 17:34:24,613 - bse_integration - INFO - Initializing BSE Order Placer
2025-06-12 17:34:24,613 - bse_integration - INFO - Initializing SOAP client...
2025-06-12 17:34:24,626 - bse_integration - INFO - SOAP client initialized successfully
2025-06-12 17:34:24,640 - bse_integration - INFO - Initialized SOAP client for BSE Order service
2025-06-12 17:34:29,452 - bse_integration - INFO - Initializing BSE Order Placer
2025-06-12 17:34:29,453 - bse_integration - INFO - Initializing SOAP client...
2025-06-12 17:34:29,467 - bse_integration - INFO - SOAP client initialized successfully
2025-06-12 17:34:29,482 - bse_integration - INFO - Initialized SOAP client for BSE Order service
2025-06-12 17:34:54,121 - bse_integration - INFO - Initializing BSE Order Placer
2025-06-12 17:34:54,121 - bse_integration - INFO - Initializing SOAP client...
2025-06-12 17:34:54,133 - bse_integration - INFO - SOAP client initialized successfully
2025-06-12 17:34:54,145 - bse_integration - INFO - Initialized SOAP client for BSE Order service
2025-06-12 17:36:44,826 - bse_integration - INFO - Initializing BSE Order Placer
2025-06-12 17:36:44,826 - bse_integration - INFO - Initializing SOAP client...
2025-06-12 17:36:44,839 - bse_integration - INFO - SOAP client initialized successfully
2025-06-12 17:36:44,851 - bse_integration - INFO - Initialized SOAP client for BSE Order service
2025-06-12 17:46:08,206 - bse_integration - INFO - Initializing BSE Order Placer
2025-06-12 17:46:08,206 - bse_integration - INFO - Initializing SOAP client...
2025-06-12 17:46:08,217 - bse_integration - INFO - SOAP client initialized successfully
2025-06-12 17:46:08,229 - bse_integration - INFO - Initialized SOAP client for BSE Order service
2025-06-12 17:52:20,952 - bse_integration - INFO - Initializing BSE Order Placer
2025-06-12 17:52:20,959 - bse_integration - INFO - Initializing SOAP client...
2025-06-12 17:52:20,971 - bse_integration - INFO - SOAP client initialized successfully
2025-06-12 17:52:20,984 - bse_integration - INFO - Initialized SOAP client for BSE Order service
2025-06-12 17:52:31,020 - bse_integration - INFO - Initializing BSE Order Placer
2025-06-12 17:52:31,021 - bse_integration - INFO - Initializing SOAP client...
2025-06-12 17:52:31,033 - bse_integration - INFO - SOAP client initialized successfully
2025-06-12 17:52:31,046 - bse_integration - INFO - Initialized SOAP client for BSE Order service
2025-06-12 17:52:53,718 - bse_integration - INFO - Initializing BSE Order Placer
2025-06-12 17:52:53,718 - bse_integration - INFO - Initializing SOAP client...
2025-06-12 17:52:53,730 - bse_integration - INFO - SOAP client initialized successfully
2025-06-12 17:52:53,743 - bse_integration - INFO - Initialized SOAP client for BSE Order service
2025-06-12 17:53:15,838 - bse_integration - INFO - Initializing BSE Order Placer
2025-06-12 17:53:15,838 - bse_integration - INFO - Initializing SOAP client...
2025-06-12 17:53:15,851 - bse_integration - INFO - SOAP client initialized successfully
2025-06-12 17:53:15,864 - bse_integration - INFO - Initialized SOAP client for BSE Order service
2025-06-12 17:53:30,047 - bse_integration - INFO - Initializing BSE Order Placer
2025-06-12 17:53:30,047 - bse_integration - INFO - Initializing SOAP client...
2025-06-12 17:53:30,066 - bse_integration - INFO - SOAP client initialized successfully
2025-06-12 17:53:30,079 - bse_integration - INFO - Initialized SOAP client for BSE Order service
2025-06-12 17:53:38,928 - bse_integration - INFO - Initializing BSE Order Placer
2025-06-12 17:53:38,929 - bse_integration - INFO - Initializing SOAP client...
2025-06-12 17:53:38,941 - bse_integration - INFO - SOAP client initialized successfully
2025-06-12 17:53:38,957 - bse_integration - INFO - Initialized SOAP client for BSE Order service
2025-06-12 17:54:10,261 - bse_integration - INFO - Initializing BSE Order Placer
2025-06-12 17:54:10,261 - bse_integration - INFO - Initializing SOAP client...
2025-06-12 17:54:10,273 - bse_integration - INFO - SOAP client initialized successfully
2025-06-12 17:54:10,286 - bse_integration - INFO - Initialized SOAP client for BSE Order service
2025-06-12 17:54:13,632 - bse_integration - INFO - Initializing BSE Order Placer
2025-06-12 17:54:13,632 - bse_integration - INFO - Initializing SOAP client...
2025-06-12 17:54:13,644 - bse_integration - INFO - SOAP client initialized successfully
2025-06-12 17:54:13,658 - bse_integration - INFO - Initialized SOAP client for BSE Order service
2025-06-12 17:54:41,977 - bse_integration - INFO - Initializing BSE Order Placer
2025-06-12 17:54:41,977 - bse_integration - INFO - Initializing SOAP client...
2025-06-12 17:54:41,989 - bse_integration - INFO - SOAP client initialized successfully
2025-06-12 17:54:42,002 - bse_integration - INFO - Initialized SOAP client for BSE Order service
2025-06-12 17:55:50,703 - bse_integration - INFO - Initializing BSE Order Placer
2025-06-12 17:55:50,703 - bse_integration - INFO - Initializing SOAP client...
2025-06-12 17:55:50,714 - bse_integration - INFO - SOAP client initialized successfully
2025-06-12 17:55:50,728 - bse_integration - INFO - Initialized SOAP client for BSE Order service
2025-06-12 17:56:29,754 - bse_integration - INFO - Initializing BSE Order Placer
2025-06-12 17:56:29,754 - bse_integration - INFO - Initializing SOAP client...
2025-06-12 17:56:29,766 - bse_integration - INFO - SOAP client initialized successfully
2025-06-12 17:56:29,780 - bse_integration - INFO - Initialized SOAP client for BSE Order service
2025-06-12 17:56:46,353 - bse_integration - INFO - Initializing BSE Order Placer
2025-06-12 17:56:46,353 - bse_integration - INFO - Initializing SOAP client...
2025-06-12 17:56:46,364 - bse_integration - INFO - SOAP client initialized successfully
2025-06-12 17:56:46,378 - bse_integration - INFO - Initialized SOAP client for BSE Order service
2025-06-12 17:57:00,547 - bse_integration - INFO - Initializing BSE Order Placer
2025-06-12 17:57:00,547 - bse_integration - INFO - Initializing SOAP client...
2025-06-12 17:57:00,559 - bse_integration - INFO - SOAP client initialized successfully
2025-06-12 17:57:00,572 - bse_integration - INFO - Initialized SOAP client for BSE Order service
2025-06-12 17:57:46,211 - bse_integration - INFO - Initializing BSE Order Placer
2025-06-12 17:57:46,211 - bse_integration - INFO - Initializing SOAP client...
2025-06-12 17:57:46,225 - bse_integration - INFO - SOAP client initialized successfully
2025-06-12 17:57:46,239 - bse_integration - INFO - Initialized SOAP client for BSE Order service
2025-06-12 17:59:33,200 - bse_integration - INFO - Initializing BSE Order Placer
2025-06-12 17:59:33,200 - bse_integration - INFO - Initializing SOAP client...
2025-06-12 17:59:33,212 - bse_integration - INFO - SOAP client initialized successfully
2025-06-12 17:59:33,225 - bse_integration - INFO - Initialized SOAP client for BSE Order service
2025-06-12 18:01:04,254 - bse_integration - INFO - Initializing BSE Order Placer
2025-06-12 18:01:04,254 - bse_integration - INFO - Initializing SOAP client...
2025-06-12 18:01:04,266 - bse_integration - INFO - SOAP client initialized successfully
2025-06-12 18:01:04,280 - bse_integration - INFO - Initialized SOAP client for BSE Order service
2025-06-12 18:01:40,288 - bse_integration - INFO - Initializing BSE Order Placer
2025-06-12 18:01:40,288 - bse_integration - INFO - Initializing SOAP client...
2025-06-12 18:01:40,300 - bse_integration - INFO - SOAP client initialized successfully
2025-06-12 18:01:40,314 - bse_integration - INFO - Initialized SOAP client for BSE Order service
2025-06-12 18:01:58,212 - bse_integration - INFO - Initializing BSE Order Placer
2025-06-12 18:01:58,212 - bse_integration - INFO - Initializing SOAP client...
2025-06-12 18:01:58,224 - bse_integration - INFO - SOAP client initialized successfully
2025-06-12 18:01:58,236 - bse_integration - INFO - Initialized SOAP client for BSE Order service
2025-06-12 18:02:20,179 - bse_integration - INFO - Initializing BSE Order Placer
2025-06-12 18:02:20,179 - bse_integration - INFO - Initializing SOAP client...
2025-06-12 18:02:20,190 - bse_integration - INFO - SOAP client initialized successfully
2025-06-12 18:02:20,204 - bse_integration - INFO - Initialized SOAP client for BSE Order service
2025-06-12 18:02:34,713 - bse_integration - INFO - Initializing BSE Order Placer
2025-06-12 18:02:34,713 - bse_integration - INFO - Initializing SOAP client...
2025-06-12 18:02:34,725 - bse_integration - INFO - SOAP client initialized successfully
2025-06-12 18:02:34,738 - bse_integration - INFO - Initialized SOAP client for BSE Order service
2025-06-12 18:02:59,028 - bse_integration - INFO - Initializing BSE Order Placer
2025-06-12 18:02:59,028 - bse_integration - INFO - Initializing SOAP client...
2025-06-12 18:02:59,039 - bse_integration - INFO - SOAP client initialized successfully
2025-06-12 18:02:59,053 - bse_integration - INFO - Initialized SOAP client for BSE Order service
2025-06-12 18:03:30,678 - bse_integration - INFO - Initializing BSE Order Placer
2025-06-12 18:03:30,678 - bse_integration - INFO - Initializing SOAP client...
2025-06-12 18:03:30,691 - bse_integration - INFO - SOAP client initialized successfully
2025-06-12 18:03:30,705 - bse_integration - INFO - Initialized SOAP client for BSE Order service
2025-06-12 18:06:06,023 - bse_integration - INFO - Initializing BSE Order Placer
2025-06-12 18:06:06,024 - bse_integration - INFO - Initializing SOAP client...
2025-06-12 18:06:06,035 - bse_integration - INFO - SOAP client initialized successfully
2025-06-12 18:06:06,048 - bse_integration - INFO - Initialized SOAP client for BSE Order service
2025-06-12 18:07:48,274 - bse_integration - INFO - Initializing BSE Order Placer
2025-06-12 18:07:48,275 - bse_integration - INFO - Initializing SOAP client...
2025-06-12 18:07:48,287 - bse_integration - INFO - SOAP client initialized successfully
2025-06-12 18:07:48,300 - bse_integration - INFO - Initialized SOAP client for BSE Order service
2025-06-12 18:13:03,385 - bse_integration - INFO - Initializing BSE Order Placer
2025-06-12 18:13:03,385 - bse_integration - INFO - Initializing SOAP client...
2025-06-12 18:13:03,397 - bse_integration - INFO - SOAP client initialized successfully
2025-06-12 18:13:03,411 - bse_integration - INFO - Initialized SOAP client for BSE Order service
2025-06-12 21:01:42,211 - bse_integration - INFO - Initializing BSE Order Placer
2025-06-12 21:01:42,211 - bse_integration - INFO - Initializing SOAP client...
2025-06-12 21:01:42,524 - bse_integration - INFO - SOAP client initialized successfully
2025-06-12 21:31:00,301 - bse_integration - INFO - Initializing BSE Order Placer
2025-06-12 21:31:00,301 - bse_integration - INFO - Initializing SOAP client...
2025-06-12 21:31:00,316 - bse_integration - INFO - SOAP client initialized successfully
2025-06-12 21:31:01,315 - bse_integration - INFO - Initializing BSE Order Placer
2025-06-12 21:31:01,315 - bse_integration - INFO - Initializing SOAP client...
2025-06-12 21:31:01,329 - bse_integration - INFO - SOAP client initialized successfully
2025-06-12 21:31:03,645 - bse_integration - INFO - Initializing BSE Order Placer
2025-06-12 21:31:03,645 - bse_integration - INFO - Initializing SOAP client...
2025-06-12 21:31:03,659 - bse_integration - INFO - SOAP client initialized successfully
